2026-02-26 01:36:27,388 | INFO | Creating SQL Server engine...
2026-02-26 01:36:27,428 | INFO | Connecting to Snowflake...
2026-02-26 01:36:27,428 | INFO | Snowflake Connector for Python Version: 4.3.0, Python Version: 3.11.4, Platform: Windows-10-10.0.26200-SP0
2026-02-26 01:36:27,428 | INFO | Connecting to GLOBAL Snowflake domain
2026-02-26 01:36:30,491 | INFO | Truncating Snowflake target table...
2026-02-26 01:36:30,850 | INFO | Starting high-performance chunk-based load...
2026-02-26 01:36:38,690 | INFO | Processing new chunk...
2026-02-26 01:36:57,971 | INFO | Loaded chunk of 500000 rows
2026-02-26 01:37:04,116 | INFO | Processing new chunk...
2026-02-26 01:37:21,413 | INFO | Loaded chunk of 500000 rows
2026-02-26 01:37:21,507 | INFO | Total rows loaded into Snowflake: 1000000
2026-02-26 01:37:21,897 | INFO | Snowflake Connector for Python Version: 4.3.0, Python Version: 3.11.4, Platform: Windows-10-10.0.26200-SP0
2026-02-26 01:37:21,897 | INFO | Connecting to GLOBAL Snowflake domain
2026-02-26 01:37:24,461 | INFO | ========== STARTING FULL TRANSFORMATION VALIDATIONS ==========
2026-02-26 01:37:24,461 | INFO | Running Aggregate Validation...
2026-02-26 01:37:26,474 | INFO | Aggregate Validation PASSED
2026-02-26 01:37:26,474 | INFO | Running Group By Validation...
2026-02-26 01:37:27,022 | INFO | Group By Validation PASSED
2026-02-26 01:37:27,022 | INFO | Running Filter Validation...
2026-02-26 01:37:27,479 | INFO | Filter Validation PASSED
2026-02-26 01:37:27,479 | INFO | Running Join Validation...
2026-02-26 01:37:27,959 | INFO | Join Validation PASSED
2026-02-26 01:37:27,959 | INFO | Running Order Validation...
2026-02-26 01:37:29,726 | INFO | Order crashed: 'total_amount'
2026-02-26 01:37:29,726 | INFO | Running Regex Validation...
2026-02-26 01:37:29,856 | INFO | Regex Validation PASSED
2026-02-26 01:37:29,857 | INFO | Running Date Function Validation...
2026-02-26 01:37:29,965 | INFO | Date Function Validation PASSED
2026-02-26 01:37:29,965 | INFO | Running Null Validation...
2026-02-26 01:37:30,057 | INFO | Null Validation PASSED - No NULL values found
2026-02-26 01:37:30,057 | INFO | Running Duplicate Validation...
2026-02-26 01:37:30,464 | INFO | Duplicate records detected: 44412
2026-02-26 01:37:30,464 | INFO | ========== ALL VALIDATIONS COMPLETED ==========
