2026-02-26 09:02:00,768 | INFO | Creating SQL Server engine...
2026-02-26 09:02:00,845 | INFO | Connecting to Snowflake...
2026-02-26 09:02:00,850 | INFO | Snowflake Connector for Python Version: 4.3.0, Python Version: 3.11.4, Platform: Windows-10-10.0.26200-SP0
2026-02-26 09:02:00,851 | INFO | Connecting to GLOBAL Snowflake domain
2026-02-26 09:02:04,439 | INFO | Truncating Snowflake target table...
2026-02-26 09:02:05,114 | INFO | Starting high-performance chunk-based load...
2026-02-26 09:02:13,784 | INFO | Processing new chunk...
2026-02-26 09:02:39,719 | INFO | Loaded chunk of 500000 rows
2026-02-26 09:02:47,375 | INFO | Processing new chunk...
2026-02-26 09:03:05,916 | INFO | Loaded chunk of 500000 rows
2026-02-26 09:03:06,046 | INFO | Total rows loaded into Snowflake: 1000000
2026-02-26 09:03:06,504 | INFO | Snowflake Connector for Python Version: 4.3.0, Python Version: 3.11.4, Platform: Windows-10-10.0.26200-SP0
2026-02-26 09:03:06,506 | INFO | Connecting to GLOBAL Snowflake domain
2026-02-26 09:03:09,205 | INFO | ========== STARTING FULL TRANSFORMATION VALIDATIONS ==========
2026-02-26 09:03:09,205 | INFO | Running Aggregate Validation...
2026-02-26 09:03:12,793 | INFO | Aggregate Validation PASSED
2026-02-26 09:03:12,793 | INFO | Running Group By Validation...
2026-02-26 09:03:13,934 | INFO | Group By Validation PASSED
2026-02-26 09:03:13,938 | INFO | Running Filter Validation...
2026-02-26 09:03:14,617 | INFO | Filter Validation PASSED
2026-02-26 09:03:14,617 | INFO | Running Join Validation...
2026-02-26 09:03:15,514 | INFO | Join Validation PASSED
2026-02-26 09:03:15,514 | INFO | Running Order Validation...
2026-02-26 09:03:18,630 | INFO | Order Validation PASSED
2026-02-26 09:03:18,630 | INFO | Running Regex Validation...
2026-02-26 09:03:18,762 | INFO | Regex Validation PASSED
2026-02-26 09:03:18,762 | INFO | Running Date Function Validation...
2026-02-26 09:03:18,887 | INFO | Date Function Validation PASSED
2026-02-26 09:03:18,890 | INFO | Running Null Validation...
2026-02-26 09:03:18,999 | INFO | Null Validation PASSED - No NULL values found
2026-02-26 09:03:18,999 | INFO | Running Duplicate Validation...
2026-02-26 09:03:19,437 | INFO | Duplicate records detected: 44412
2026-02-26 09:03:19,440 | INFO | ========== ALL VALIDATIONS COMPLETED ==========
