2026-02-26 01:09:29,311 | INFO | Creating SQL Server engine...
2026-02-26 01:09:29,343 | INFO | Connecting to Snowflake...
2026-02-26 01:09:29,343 | INFO | Snowflake Connector for Python Version: 4.3.0, Python Version: 3.11.4, Platform: Windows-10-10.0.26200-SP0
2026-02-26 01:09:29,343 | INFO | Connecting to GLOBAL Snowflake domain
2026-02-26 01:09:32,287 | INFO | Truncating Snowflake target table...
2026-02-26 01:09:32,622 | INFO | Starting high-performance chunk-based load...
2026-02-26 01:09:38,996 | INFO | Processing new chunk...
2026-02-26 01:10:01,314 | INFO | Loaded chunk of 500000 rows
2026-02-26 01:10:07,008 | INFO | Processing new chunk...
2026-02-26 01:10:24,895 | INFO | Loaded chunk of 500000 rows
2026-02-26 01:10:24,986 | INFO | Total rows loaded into Snowflake: 1000000
2026-02-26 01:10:25,383 | INFO | Snowflake Connector for Python Version: 4.3.0, Python Version: 3.11.4, Platform: Windows-10-10.0.26200-SP0
2026-02-26 01:10:25,383 | INFO | Connecting to GLOBAL Snowflake domain
2026-02-26 01:10:27,975 | INFO | =============================================
2026-02-26 01:10:27,975 | INFO | Starting ETL Transformation Validations...
2026-02-26 01:10:27,975 | INFO | =============================================
2026-02-26 01:10:27,975 | INFO | Running Aggregate Validation...
2026-02-26 01:10:46,600 | ERROR | Aggregate Validation FAILED
2026-02-26 01:10:46,600 | INFO | Running Group By Validation...
2026-02-26 01:10:52,182 | ERROR | Group By Validation FAILED
2026-02-26 01:10:52,182 | INFO | Running Filter Validation...
2026-02-26 01:10:55,131 | ERROR | Filter Validation FAILED
2026-02-26 01:10:55,131 | INFO | Running Regex Validation...
2026-02-26 01:10:55,249 | INFO | Regex Validation PASSED
2026-02-26 01:10:55,249 | INFO | =============================================
2026-02-26 01:10:55,249 | INFO | Validations Completed.
2026-02-26 01:10:55,249 | INFO | =============================================
