2026-02-26 00:43:50,216 | INFO | Creating SQL Server engine...
2026-02-26 00:43:50,260 | INFO | Connecting to Snowflake...
2026-02-26 00:43:50,262 | INFO | Snowflake Connector for Python Version: 4.3.0, Python Version: 3.11.4, Platform: Windows-10-10.0.26200-SP0
2026-02-26 00:43:50,262 | INFO | Connecting to GLOBAL Snowflake domain
2026-02-26 00:43:53,856 | INFO | Starting chunk-based load...
2026-02-26 00:44:00,319 | INFO | Loaded chunk of 50000 rows
2026-02-26 00:44:04,538 | INFO | Loaded chunk of 50000 rows
2026-02-26 00:44:08,329 | INFO | Loaded chunk of 50000 rows
2026-02-26 00:44:12,071 | INFO | Loaded chunk of 50000 rows
2026-02-26 00:44:15,693 | INFO | Loaded chunk of 50000 rows
2026-02-26 00:44:19,705 | INFO | Loaded chunk of 50000 rows
2026-02-26 00:44:23,536 | INFO | Loaded chunk of 50000 rows
2026-02-26 00:44:27,786 | INFO | Loaded chunk of 50000 rows
2026-02-26 00:44:31,577 | INFO | Loaded chunk of 50000 rows
2026-02-26 00:44:35,427 | INFO | Loaded chunk of 50000 rows
2026-02-26 00:44:38,967 | INFO | Loaded chunk of 50000 rows
2026-02-26 00:44:42,709 | INFO | Loaded chunk of 50000 rows
2026-02-26 00:44:46,319 | INFO | Loaded chunk of 50000 rows
2026-02-26 00:44:50,571 | INFO | Loaded chunk of 50000 rows
2026-02-26 00:44:54,465 | INFO | Loaded chunk of 50000 rows
2026-02-26 00:44:58,529 | INFO | Loaded chunk of 50000 rows
2026-02-26 00:45:02,349 | INFO | Loaded chunk of 50000 rows
2026-02-26 00:45:06,373 | INFO | Loaded chunk of 50000 rows
2026-02-26 00:45:09,960 | INFO | Loaded chunk of 50000 rows
2026-02-26 00:45:13,647 | INFO | Loaded chunk of 50000 rows
2026-02-26 00:45:17,421 | INFO | Loaded chunk of 50000 rows
2026-02-26 00:45:21,615 | INFO | Loaded chunk of 50000 rows
2026-02-26 00:45:25,491 | INFO | Loaded chunk of 50000 rows
2026-02-26 00:45:29,677 | INFO | Loaded chunk of 50000 rows
2026-02-26 00:45:33,381 | INFO | Loaded chunk of 50000 rows
2026-02-26 00:45:37,234 | INFO | Loaded chunk of 50000 rows
2026-02-26 00:45:40,999 | INFO | Loaded chunk of 50000 rows
2026-02-26 00:45:44,729 | INFO | Loaded chunk of 50000 rows
2026-02-26 00:45:48,318 | INFO | Loaded chunk of 50000 rows
2026-02-26 00:45:52,231 | INFO | Loaded chunk of 50000 rows
2026-02-26 00:45:56,147 | INFO | Loaded chunk of 50000 rows
2026-02-26 00:46:00,164 | INFO | Loaded chunk of 50000 rows
2026-02-26 00:46:03,951 | INFO | Loaded chunk of 50000 rows
2026-02-26 00:46:08,234 | INFO | Loaded chunk of 50000 rows
2026-02-26 00:46:11,887 | INFO | Loaded chunk of 50000 rows
2026-02-26 00:46:15,818 | INFO | Loaded chunk of 50000 rows
2026-02-26 00:46:19,508 | INFO | Loaded chunk of 50000 rows
2026-02-26 00:46:23,347 | INFO | Loaded chunk of 50000 rows
2026-02-26 00:46:26,885 | INFO | Loaded chunk of 50000 rows
2026-02-26 00:46:30,661 | INFO | Loaded chunk of 50000 rows
2026-02-26 00:46:34,244 | INFO | Loaded chunk of 50000 rows
2026-02-26 00:46:38,367 | INFO | Loaded chunk of 50000 rows
2026-02-26 00:46:42,068 | INFO | Loaded chunk of 50000 rows
2026-02-26 00:46:45,912 | INFO | Loaded chunk of 50000 rows
2026-02-26 00:46:49,592 | INFO | Loaded chunk of 50000 rows
2026-02-26 00:46:53,538 | INFO | Loaded chunk of 50000 rows
2026-02-26 00:46:57,398 | INFO | Loaded chunk of 50000 rows
2026-02-26 00:47:01,236 | INFO | Loaded chunk of 50000 rows
2026-02-26 00:47:04,785 | INFO | Loaded chunk of 50000 rows
2026-02-26 00:47:08,596 | INFO | Loaded chunk of 50000 rows
2026-02-26 00:47:12,976 | INFO | Loaded chunk of 50000 rows
2026-02-26 00:47:16,915 | INFO | Loaded chunk of 50000 rows
2026-02-26 00:47:20,772 | INFO | Loaded chunk of 50000 rows
2026-02-26 00:47:24,584 | INFO | Loaded chunk of 50000 rows
2026-02-26 00:47:28,183 | INFO | Loaded chunk of 50000 rows
2026-02-26 00:47:32,136 | INFO | Loaded chunk of 50000 rows
2026-02-26 00:47:35,616 | INFO | Loaded chunk of 50000 rows
2026-02-26 00:47:39,274 | INFO | Loaded chunk of 50000 rows
2026-02-26 00:47:42,812 | INFO | Loaded chunk of 50000 rows
2026-02-26 00:47:46,677 | INFO | Loaded chunk of 50000 rows
2026-02-26 00:47:50,546 | INFO | Loaded chunk of 50000 rows
2026-02-26 00:47:54,476 | INFO | Loaded chunk of 50000 rows
2026-02-26 00:47:58,443 | INFO | Loaded chunk of 50000 rows
2026-02-26 00:48:02,490 | INFO | Loaded chunk of 50000 rows
2026-02-26 00:48:05,940 | INFO | Loaded chunk of 50000 rows
2026-02-26 00:48:09,731 | INFO | Loaded chunk of 50000 rows
2026-02-26 00:48:13,392 | INFO | Loaded chunk of 50000 rows
2026-02-26 00:48:17,289 | INFO | Loaded chunk of 50000 rows
2026-02-26 00:48:20,976 | INFO | Loaded chunk of 50000 rows
2026-02-26 00:48:24,809 | INFO | Loaded chunk of 50000 rows
2026-02-26 00:48:28,479 | INFO | Loaded chunk of 50000 rows
2026-02-26 00:48:32,318 | INFO | Loaded chunk of 50000 rows
2026-02-26 00:48:35,696 | INFO | Loaded chunk of 50000 rows
2026-02-26 00:48:39,403 | INFO | Loaded chunk of 50000 rows
2026-02-26 00:48:42,977 | INFO | Loaded chunk of 50000 rows
2026-02-26 00:48:46,976 | INFO | Loaded chunk of 50000 rows
2026-02-26 00:48:51,320 | INFO | Loaded chunk of 50000 rows
2026-02-26 00:48:55,274 | INFO | Loaded chunk of 50000 rows
2026-02-26 00:48:59,214 | INFO | Loaded chunk of 50000 rows
2026-02-26 00:49:03,129 | INFO | Loaded chunk of 50000 rows
2026-02-26 00:49:06,666 | INFO | Loaded chunk of 50000 rows
2026-02-26 00:49:10,272 | INFO | Loaded chunk of 50000 rows
2026-02-26 00:49:13,850 | INFO | Loaded chunk of 50000 rows
2026-02-26 00:49:17,677 | INFO | Loaded chunk of 50000 rows
2026-02-26 00:49:21,307 | INFO | Loaded chunk of 50000 rows
2026-02-26 00:49:25,117 | INFO | Loaded chunk of 50000 rows
2026-02-26 00:49:28,918 | INFO | Loaded chunk of 50000 rows
2026-02-26 00:49:32,910 | INFO | Loaded chunk of 50000 rows
2026-02-26 00:49:36,480 | INFO | Loaded chunk of 50000 rows
2026-02-26 00:49:40,225 | INFO | Loaded chunk of 50000 rows
2026-02-26 00:49:44,074 | INFO | Loaded chunk of 50000 rows
2026-02-26 00:49:47,912 | INFO | Loaded chunk of 50000 rows
2026-02-26 00:49:51,593 | INFO | Loaded chunk of 50000 rows
2026-02-26 00:49:55,502 | INFO | Loaded chunk of 50000 rows
2026-02-26 00:49:59,604 | INFO | Loaded chunk of 50000 rows
2026-02-26 00:50:03,558 | INFO | Loaded chunk of 50000 rows
2026-02-26 00:50:07,146 | INFO | Loaded chunk of 50000 rows
2026-02-26 00:50:11,165 | INFO | Loaded chunk of 50000 rows
2026-02-26 00:50:14,944 | INFO | Loaded chunk of 50000 rows
2026-02-26 00:50:18,788 | INFO | Loaded chunk of 50000 rows
2026-02-26 00:50:22,899 | INFO | Loaded chunk of 50000 rows
2026-02-26 00:50:26,828 | INFO | Loaded chunk of 50000 rows
2026-02-26 00:50:30,506 | INFO | Loaded chunk of 50000 rows
2026-02-26 00:50:34,537 | INFO | Loaded chunk of 50000 rows
2026-02-26 00:50:38,100 | INFO | Loaded chunk of 50000 rows
2026-02-26 00:50:41,977 | INFO | Loaded chunk of 50000 rows
2026-02-26 00:50:45,599 | INFO | Loaded chunk of 50000 rows
2026-02-26 00:50:49,398 | INFO | Loaded chunk of 50000 rows
2026-02-26 00:50:53,163 | INFO | Loaded chunk of 50000 rows
2026-02-26 00:50:56,843 | INFO | Loaded chunk of 50000 rows
2026-02-26 00:51:00,584 | INFO | Loaded chunk of 50000 rows
2026-02-26 00:51:04,434 | INFO | Loaded chunk of 50000 rows
2026-02-26 00:51:07,896 | INFO | Loaded chunk of 50000 rows
2026-02-26 00:51:11,847 | INFO | Loaded chunk of 50000 rows
2026-02-26 00:51:15,431 | INFO | Loaded chunk of 50000 rows
2026-02-26 00:51:19,383 | INFO | Loaded chunk of 50000 rows
2026-02-26 00:51:23,036 | INFO | Loaded chunk of 50000 rows
2026-02-26 00:51:27,053 | INFO | Loaded chunk of 50000 rows
2026-02-26 00:51:30,682 | INFO | Loaded chunk of 50000 rows
2026-02-26 00:51:34,477 | INFO | Loaded chunk of 50000 rows
2026-02-26 00:51:38,071 | INFO | Loaded chunk of 50000 rows
2026-02-26 00:51:41,975 | INFO | Loaded chunk of 50000 rows
2026-02-26 00:51:45,522 | INFO | Loaded chunk of 50000 rows
2026-02-26 00:51:49,554 | INFO | Loaded chunk of 50000 rows
2026-02-26 00:51:53,146 | INFO | Loaded chunk of 50000 rows
2026-02-26 00:51:57,085 | INFO | Loaded chunk of 50000 rows
2026-02-26 00:52:00,678 | INFO | Loaded chunk of 50000 rows
2026-02-26 00:52:04,501 | INFO | Loaded chunk of 50000 rows
2026-02-26 00:52:07,960 | INFO | Loaded chunk of 50000 rows
2026-02-26 00:52:11,964 | INFO | Loaded chunk of 50000 rows
2026-02-26 00:52:15,643 | INFO | Loaded chunk of 50000 rows
2026-02-26 00:52:19,599 | INFO | Loaded chunk of 50000 rows
2026-02-26 00:52:23,250 | INFO | Loaded chunk of 50000 rows
2026-02-26 00:52:27,209 | INFO | Loaded chunk of 50000 rows
2026-02-26 00:52:30,788 | INFO | Loaded chunk of 50000 rows
2026-02-26 00:52:34,616 | INFO | Loaded chunk of 50000 rows
2026-02-26 00:52:38,116 | INFO | Loaded chunk of 50000 rows
2026-02-26 00:52:41,966 | INFO | Loaded chunk of 50000 rows
2026-02-26 00:52:45,650 | INFO | Loaded chunk of 50000 rows
2026-02-26 00:52:49,459 | INFO | Loaded chunk of 50000 rows
2026-02-26 00:52:53,161 | INFO | Loaded chunk of 50000 rows
2026-02-26 00:52:56,970 | INFO | Loaded chunk of 50000 rows
2026-02-26 00:53:00,911 | INFO | Loaded chunk of 50000 rows
2026-02-26 00:53:04,951 | INFO | Loaded chunk of 50000 rows
2026-02-26 00:53:08,450 | INFO | Loaded chunk of 50000 rows
2026-02-26 00:53:12,320 | INFO | Loaded chunk of 50000 rows
2026-02-26 00:53:16,325 | INFO | Loaded chunk of 50000 rows
2026-02-26 00:53:20,119 | INFO | Loaded chunk of 50000 rows
2026-02-26 00:53:23,913 | INFO | Loaded chunk of 50000 rows
2026-02-26 00:53:27,757 | INFO | Loaded chunk of 50000 rows
2026-02-26 00:53:31,818 | INFO | Loaded chunk of 50000 rows
2026-02-26 00:53:35,878 | INFO | Loaded chunk of 50000 rows
2026-02-26 00:53:41,076 | INFO | Loaded chunk of 50000 rows
2026-02-26 00:53:45,589 | INFO | Loaded chunk of 50000 rows
2026-02-26 00:53:49,450 | INFO | Loaded chunk of 50000 rows
2026-02-26 00:53:53,451 | INFO | Loaded chunk of 50000 rows
2026-02-26 00:53:57,133 | INFO | Loaded chunk of 50000 rows
2026-02-26 00:54:01,137 | INFO | Loaded chunk of 50000 rows
2026-02-26 00:54:05,013 | INFO | Loaded chunk of 50000 rows
2026-02-26 00:54:08,836 | INFO | Loaded chunk of 50000 rows
2026-02-26 00:54:12,592 | INFO | Loaded chunk of 50000 rows
2026-02-26 00:54:16,649 | INFO | Loaded chunk of 50000 rows
2026-02-26 00:54:25,403 | INFO | Loaded chunk of 50000 rows
2026-02-26 00:54:31,912 | INFO | Loaded chunk of 50000 rows
2026-02-26 00:54:36,784 | INFO | Loaded chunk of 50000 rows
2026-02-26 00:54:41,189 | INFO | Loaded chunk of 50000 rows
2026-02-26 00:54:45,455 | INFO | Loaded chunk of 50000 rows
2026-02-26 00:54:51,071 | INFO | Loaded chunk of 50000 rows
2026-02-26 00:54:56,814 | INFO | Loaded chunk of 50000 rows
2026-02-26 00:55:02,188 | INFO | Loaded chunk of 50000 rows
2026-02-26 00:55:06,863 | INFO | Loaded chunk of 50000 rows
2026-02-26 00:55:11,114 | INFO | Loaded chunk of 50000 rows
2026-02-26 00:55:15,101 | INFO | Loaded chunk of 50000 rows
