2026-02-26 01:38:43,162 | INFO | Creating SQL Server engine...
2026-02-26 01:38:43,195 | INFO | Connecting to Snowflake...
2026-02-26 01:38:43,200 | INFO | Snowflake Connector for Python Version: 4.3.0, Python Version: 3.11.4, Platform: Windows-10-10.0.26200-SP0
2026-02-26 01:38:43,200 | INFO | Connecting to GLOBAL Snowflake domain
2026-02-26 01:38:46,315 | INFO | Truncating Snowflake target table...
2026-02-26 01:38:46,657 | INFO | Starting high-performance chunk-based load...
2026-02-26 01:38:52,705 | INFO | Processing new chunk...
2026-02-26 01:39:17,527 | INFO | Loaded chunk of 500000 rows
2026-02-26 01:39:24,346 | INFO | Processing new chunk...
2026-02-26 01:39:46,477 | INFO | Loaded chunk of 500000 rows
2026-02-26 01:39:46,570 | INFO | Total rows loaded into Snowflake: 1000000
2026-02-26 01:39:47,014 | INFO | Snowflake Connector for Python Version: 4.3.0, Python Version: 3.11.4, Platform: Windows-10-10.0.26200-SP0
2026-02-26 01:39:47,014 | INFO | Connecting to GLOBAL Snowflake domain
2026-02-26 01:39:49,598 | INFO | ========== STARTING FULL TRANSFORMATION VALIDATIONS ==========
2026-02-26 01:39:49,598 | INFO | Running Aggregate Validation...
2026-02-26 01:39:51,585 | INFO | Aggregate Validation PASSED
2026-02-26 01:39:51,586 | INFO | Running Group By Validation...
2026-02-26 01:39:52,225 | INFO | Group By Validation PASSED
2026-02-26 01:39:52,225 | INFO | Running Filter Validation...
2026-02-26 01:39:52,615 | INFO | Filter Validation PASSED
2026-02-26 01:39:52,615 | INFO | Running Join Validation...
2026-02-26 01:39:53,099 | INFO | Join Validation PASSED
2026-02-26 01:39:53,100 | INFO | Running Order Validation...
2026-02-26 01:39:54,820 | INFO | Order Validation PASSED
2026-02-26 01:39:54,820 | INFO | Running Regex Validation...
2026-02-26 01:39:54,983 | INFO | Regex Validation PASSED
2026-02-26 01:39:54,983 | INFO | Running Date Function Validation...
2026-02-26 01:39:55,070 | INFO | Date Function Validation PASSED
2026-02-26 01:39:55,070 | INFO | Running Null Validation...
2026-02-26 01:39:55,163 | INFO | Null Validation PASSED - No NULL values found
2026-02-26 01:39:55,163 | INFO | Running Duplicate Validation...
2026-02-26 01:39:55,561 | INFO | Duplicate records detected: 44412
2026-02-26 01:39:55,562 | INFO | ========== ALL VALIDATIONS COMPLETED ==========
