2026-02-26 01:18:16,476 | INFO | Creating SQL Server engine...
2026-02-26 01:18:16,522 | INFO | Connecting to Snowflake...
2026-02-26 01:18:16,522 | INFO | Snowflake Connector for Python Version: 4.3.0, Python Version: 3.11.4, Platform: Windows-10-10.0.26200-SP0
2026-02-26 01:18:16,522 | INFO | Connecting to GLOBAL Snowflake domain
2026-02-26 01:18:19,893 | INFO | Truncating Snowflake target table...
2026-02-26 01:18:20,256 | INFO | Starting high-performance chunk-based load...
2026-02-26 01:18:27,581 | INFO | Processing new chunk...
2026-02-26 01:18:50,032 | INFO | Loaded chunk of 500000 rows
2026-02-26 01:18:56,401 | INFO | Processing new chunk...
2026-02-26 01:19:13,255 | INFO | Loaded chunk of 500000 rows
2026-02-26 01:19:13,340 | INFO | Total rows loaded into Snowflake: 1000000
2026-02-26 01:19:13,731 | INFO | Snowflake Connector for Python Version: 4.3.0, Python Version: 3.11.4, Platform: Windows-10-10.0.26200-SP0
2026-02-26 01:19:13,731 | INFO | Connecting to GLOBAL Snowflake domain
2026-02-26 01:19:16,334 | INFO | ========== STARTING FULL TRANSFORMATION VALIDATIONS ==========
2026-02-26 01:19:16,335 | INFO | Running Aggregate Validation...
2026-02-26 01:19:35,490 | ERROR | Aggregate Validation FAILED
2026-02-26 01:19:35,490 | INFO | Running Group By Validation...
2026-02-26 01:19:41,507 | ERROR | Group By Validation FAILED
2026-02-26 01:19:41,507 | INFO | Running Filter Validation...
2026-02-26 01:19:44,605 | ERROR | Filter Validation FAILED
2026-02-26 01:19:44,606 | INFO | Running Join Validation...
2026-02-26 01:19:49,945 | ERROR | Join Validation FAILED
2026-02-26 01:19:49,945 | INFO | Running Order Validation...
2026-02-26 01:20:18,527 | ERROR | Order Validation FAILED
2026-02-26 01:20:18,527 | INFO | Running Regex Validation...
2026-02-26 01:20:18,647 | INFO | Regex Validation PASSED
